<?xml version="1.0" encoding="UTF-8"?>
<robot generator="Robot 4.0.3 (Python 3.9.6 on win32)" generated="20210716 20:22:28.704" rpa="false" schemaversion="2">
<suite id="s1" name="Estrutura Condicional" source="C:\Users\mbarbosa\sistreinamento\treinamentoSIS-Git\estrutura_condicional.robot">
<test id="s1-t1" name="Comparar Idade">
<kw name="Create List" library="BuiltIn">
<var>@{lista}</var>
<arg>1</arg>
<arg>2</arg>
<arg>3</arg>
<arg>4</arg>
<arg>5</arg>
<arg>6</arg>
<arg>7</arg>
<arg>8</arg>
<arg>9</arg>
<doc>Returns a list containing given items.</doc>
<msg timestamp="20210716 20:22:28.747" level="INFO">@{lista} = [ 1 | 2 | 3 | 4 | 5 | 6 | 7 | 8 | 9 ]</msg>
<status status="PASS" starttime="20210716 20:22:28.747" endtime="20210716 20:22:28.747"/>
</kw>
<kw name="Condicional Simples">
<arg>@{lista}</arg>
<for flavor="IN">
<var>${NUMERO}</var>
<value>@{LISTA}</value>
<iter>
<var name="${NUMERO}">1</var>
<if>
<branch type="IF" condition="&quot;${NUMERO}&quot; == &quot;5&quot;">
<kw name="Log To Console" library="BuiltIn">
<arg>Encontrei o ${NUMERO}</arg>
<doc>Logs the given message to the console.</doc>
<status status="NOT RUN" starttime="20210716 20:22:28.749" endtime="20210716 20:22:28.749"/>
</kw>
<status status="NOT RUN" starttime="20210716 20:22:28.749" endtime="20210716 20:22:28.749"/>
</branch>
<branch type="ELSE IF" condition="&quot;${NUMERO}&quot; == &quot;8&quot;">
<kw name="Log To Console" library="BuiltIn">
<arg>Encontrei o ${NUMERO}</arg>
<doc>Logs the given message to the console.</doc>
<status status="NOT RUN" starttime="20210716 20:22:28.749" endtime="20210716 20:22:28.749"/>
</kw>
<status status="NOT RUN" starttime="20210716 20:22:28.749" endtime="20210716 20:22:28.749"/>
</branch>
<branch type="ELSE">
<kw name="Log To Console" library="BuiltIn">
<arg>Não deu match!</arg>
<doc>Logs the given message to the console.</doc>
<status status="PASS" starttime="20210716 20:22:28.749" endtime="20210716 20:22:28.750"/>
</kw>
<status status="PASS" starttime="20210716 20:22:28.749" endtime="20210716 20:22:28.750"/>
</branch>
<status status="PASS" starttime="20210716 20:22:28.748" endtime="20210716 20:22:28.750"/>
</if>
<status status="PASS" starttime="20210716 20:22:28.748" endtime="20210716 20:22:28.750"/>
</iter>
<iter>
<var name="${NUMERO}">2</var>
<if>
<branch type="IF" condition="&quot;${NUMERO}&quot; == &quot;5&quot;">
<kw name="Log To Console" library="BuiltIn">
<arg>Encontrei o ${NUMERO}</arg>
<doc>Logs the given message to the console.</doc>
<status status="NOT RUN" starttime="20210716 20:22:28.751" endtime="20210716 20:22:28.751"/>
</kw>
<status status="NOT RUN" starttime="20210716 20:22:28.751" endtime="20210716 20:22:28.751"/>
</branch>
<branch type="ELSE IF" condition="&quot;${NUMERO}&quot; == &quot;8&quot;">
<kw name="Log To Console" library="BuiltIn">
<arg>Encontrei o ${NUMERO}</arg>
<doc>Logs the given message to the console.</doc>
<status status="NOT RUN" starttime="20210716 20:22:28.751" endtime="20210716 20:22:28.752"/>
</kw>
<status status="NOT RUN" starttime="20210716 20:22:28.751" endtime="20210716 20:22:28.752"/>
</branch>
<branch type="ELSE">
<kw name="Log To Console" library="BuiltIn">
<arg>Não deu match!</arg>
<doc>Logs the given message to the console.</doc>
<status status="PASS" starttime="20210716 20:22:28.752" endtime="20210716 20:22:28.753"/>
</kw>
<status status="PASS" starttime="20210716 20:22:28.752" endtime="20210716 20:22:28.753"/>
</branch>
<status status="PASS" starttime="20210716 20:22:28.751" endtime="20210716 20:22:28.753"/>
</if>
<status status="PASS" starttime="20210716 20:22:28.751" endtime="20210716 20:22:28.753"/>
</iter>
<iter>
<var name="${NUMERO}">3</var>
<if>
<branch type="IF" condition="&quot;${NUMERO}&quot; == &quot;5&quot;">
<kw name="Log To Console" library="BuiltIn">
<arg>Encontrei o ${NUMERO}</arg>
<doc>Logs the given message to the console.</doc>
<status status="NOT RUN" starttime="20210716 20:22:28.754" endtime="20210716 20:22:28.754"/>
</kw>
<status status="NOT RUN" starttime="20210716 20:22:28.754" endtime="20210716 20:22:28.754"/>
</branch>
<branch type="ELSE IF" condition="&quot;${NUMERO}&quot; == &quot;8&quot;">
<kw name="Log To Console" library="BuiltIn">
<arg>Encontrei o ${NUMERO}</arg>
<doc>Logs the given message to the console.</doc>
<status status="NOT RUN" starttime="20210716 20:22:28.755" endtime="20210716 20:22:28.755"/>
</kw>
<status status="NOT RUN" starttime="20210716 20:22:28.754" endtime="20210716 20:22:28.756"/>
</branch>
<branch type="ELSE">
<kw name="Log To Console" library="BuiltIn">
<arg>Não deu match!</arg>
<doc>Logs the given message to the console.</doc>
<status status="PASS" starttime="20210716 20:22:28.757" endtime="20210716 20:22:28.758"/>
</kw>
<status status="PASS" starttime="20210716 20:22:28.757" endtime="20210716 20:22:28.758"/>
</branch>
<status status="PASS" starttime="20210716 20:22:28.753" endtime="20210716 20:22:28.758"/>
</if>
<status status="PASS" starttime="20210716 20:22:28.753" endtime="20210716 20:22:28.758"/>
</iter>
<iter>
<var name="${NUMERO}">4</var>
<if>
<branch type="IF" condition="&quot;${NUMERO}&quot; == &quot;5&quot;">
<kw name="Log To Console" library="BuiltIn">
<arg>Encontrei o ${NUMERO}</arg>
<doc>Logs the given message to the console.</doc>
<status status="NOT RUN" starttime="20210716 20:22:28.759" endtime="20210716 20:22:28.759"/>
</kw>
<status status="NOT RUN" starttime="20210716 20:22:28.759" endtime="20210716 20:22:28.759"/>
</branch>
<branch type="ELSE IF" condition="&quot;${NUMERO}&quot; == &quot;8&quot;">
<kw name="Log To Console" library="BuiltIn">
<arg>Encontrei o ${NUMERO}</arg>
<doc>Logs the given message to the console.</doc>
<status status="NOT RUN" starttime="20210716 20:22:28.759" endtime="20210716 20:22:28.759"/>
</kw>
<status status="NOT RUN" starttime="20210716 20:22:28.759" endtime="20210716 20:22:28.759"/>
</branch>
<branch type="ELSE">
<kw name="Log To Console" library="BuiltIn">
<arg>Não deu match!</arg>
<doc>Logs the given message to the console.</doc>
<status status="PASS" starttime="20210716 20:22:28.759" endtime="20210716 20:22:28.761"/>
</kw>
<status status="PASS" starttime="20210716 20:22:28.759" endtime="20210716 20:22:28.761"/>
</branch>
<status status="PASS" starttime="20210716 20:22:28.759" endtime="20210716 20:22:28.761"/>
</if>
<status status="PASS" starttime="20210716 20:22:28.759" endtime="20210716 20:22:28.761"/>
</iter>
<iter>
<var name="${NUMERO}">5</var>
<if>
<branch type="IF" condition="&quot;${NUMERO}&quot; == &quot;5&quot;">
<kw name="Log To Console" library="BuiltIn">
<arg>Encontrei o ${NUMERO}</arg>
<doc>Logs the given message to the console.</doc>
<status status="PASS" starttime="20210716 20:22:28.762" endtime="20210716 20:22:28.764"/>
</kw>
<status status="PASS" starttime="20210716 20:22:28.762" endtime="20210716 20:22:28.764"/>
</branch>
<branch type="ELSE IF" condition="&quot;${NUMERO}&quot; == &quot;8&quot;">
<kw name="Log To Console" library="BuiltIn">
<arg>Encontrei o ${NUMERO}</arg>
<doc>Logs the given message to the console.</doc>
<status status="NOT RUN" starttime="20210716 20:22:28.764" endtime="20210716 20:22:28.764"/>
</kw>
<status status="NOT RUN" starttime="20210716 20:22:28.764" endtime="20210716 20:22:28.764"/>
</branch>
<branch type="ELSE">
<kw name="Log To Console" library="BuiltIn">
<arg>Não deu match!</arg>
<doc>Logs the given message to the console.</doc>
<status status="NOT RUN" starttime="20210716 20:22:28.765" endtime="20210716 20:22:28.765"/>
</kw>
<status status="NOT RUN" starttime="20210716 20:22:28.765" endtime="20210716 20:22:28.765"/>
</branch>
<status status="PASS" starttime="20210716 20:22:28.761" endtime="20210716 20:22:28.765"/>
</if>
<status status="PASS" starttime="20210716 20:22:28.761" endtime="20210716 20:22:28.765"/>
</iter>
<iter>
<var name="${NUMERO}">6</var>
<if>
<branch type="IF" condition="&quot;${NUMERO}&quot; == &quot;5&quot;">
<kw name="Log To Console" library="BuiltIn">
<arg>Encontrei o ${NUMERO}</arg>
<doc>Logs the given message to the console.</doc>
<status status="NOT RUN" starttime="20210716 20:22:28.767" endtime="20210716 20:22:28.767"/>
</kw>
<status status="NOT RUN" starttime="20210716 20:22:28.767" endtime="20210716 20:22:28.767"/>
</branch>
<branch type="ELSE IF" condition="&quot;${NUMERO}&quot; == &quot;8&quot;">
<kw name="Log To Console" library="BuiltIn">
<arg>Encontrei o ${NUMERO}</arg>
<doc>Logs the given message to the console.</doc>
<status status="NOT RUN" starttime="20210716 20:22:28.769" endtime="20210716 20:22:28.769"/>
</kw>
<status status="NOT RUN" starttime="20210716 20:22:28.768" endtime="20210716 20:22:28.769"/>
</branch>
<branch type="ELSE">
<kw name="Log To Console" library="BuiltIn">
<arg>Não deu match!</arg>
<doc>Logs the given message to the console.</doc>
<status status="PASS" starttime="20210716 20:22:28.769" endtime="20210716 20:22:28.774"/>
</kw>
<status status="PASS" starttime="20210716 20:22:28.769" endtime="20210716 20:22:28.774"/>
</branch>
<status status="PASS" starttime="20210716 20:22:28.766" endtime="20210716 20:22:28.775"/>
</if>
<status status="PASS" starttime="20210716 20:22:28.766" endtime="20210716 20:22:28.775"/>
</iter>
<iter>
<var name="${NUMERO}">7</var>
<if>
<branch type="IF" condition="&quot;${NUMERO}&quot; == &quot;5&quot;">
<kw name="Log To Console" library="BuiltIn">
<arg>Encontrei o ${NUMERO}</arg>
<doc>Logs the given message to the console.</doc>
<status status="NOT RUN" starttime="20210716 20:22:28.779" endtime="20210716 20:22:28.780"/>
</kw>
<status status="NOT RUN" starttime="20210716 20:22:28.778" endtime="20210716 20:22:28.780"/>
</branch>
<branch type="ELSE IF" condition="&quot;${NUMERO}&quot; == &quot;8&quot;">
<kw name="Log To Console" library="BuiltIn">
<arg>Encontrei o ${NUMERO}</arg>
<doc>Logs the given message to the console.</doc>
<status status="NOT RUN" starttime="20210716 20:22:28.780" endtime="20210716 20:22:28.780"/>
</kw>
<status status="NOT RUN" starttime="20210716 20:22:28.780" endtime="20210716 20:22:28.780"/>
</branch>
<branch type="ELSE">
<kw name="Log To Console" library="BuiltIn">
<arg>Não deu match!</arg>
<doc>Logs the given message to the console.</doc>
<status status="PASS" starttime="20210716 20:22:28.781" endtime="20210716 20:22:28.782"/>
</kw>
<status status="PASS" starttime="20210716 20:22:28.780" endtime="20210716 20:22:28.782"/>
</branch>
<status status="PASS" starttime="20210716 20:22:28.777" endtime="20210716 20:22:28.782"/>
</if>
<status status="PASS" starttime="20210716 20:22:28.776" endtime="20210716 20:22:28.782"/>
</iter>
<iter>
<var name="${NUMERO}">8</var>
<if>
<branch type="IF" condition="&quot;${NUMERO}&quot; == &quot;5&quot;">
<kw name="Log To Console" library="BuiltIn">
<arg>Encontrei o ${NUMERO}</arg>
<doc>Logs the given message to the console.</doc>
<status status="NOT RUN" starttime="20210716 20:22:28.782" endtime="20210716 20:22:28.782"/>
</kw>
<status status="NOT RUN" starttime="20210716 20:22:28.782" endtime="20210716 20:22:28.782"/>
</branch>
<branch type="ELSE IF" condition="&quot;${NUMERO}&quot; == &quot;8&quot;">
<kw name="Log To Console" library="BuiltIn">
<arg>Encontrei o ${NUMERO}</arg>
<doc>Logs the given message to the console.</doc>
<status status="PASS" starttime="20210716 20:22:28.783" endtime="20210716 20:22:28.783"/>
</kw>
<status status="PASS" starttime="20210716 20:22:28.783" endtime="20210716 20:22:28.783"/>
</branch>
<branch type="ELSE">
<kw name="Log To Console" library="BuiltIn">
<arg>Não deu match!</arg>
<doc>Logs the given message to the console.</doc>
<status status="NOT RUN" starttime="20210716 20:22:28.784" endtime="20210716 20:22:28.784"/>
</kw>
<status status="NOT RUN" starttime="20210716 20:22:28.784" endtime="20210716 20:22:28.784"/>
</branch>
<status status="PASS" starttime="20210716 20:22:28.782" endtime="20210716 20:22:28.784"/>
</if>
<status status="PASS" starttime="20210716 20:22:28.782" endtime="20210716 20:22:28.784"/>
</iter>
<iter>
<var name="${NUMERO}">9</var>
<if>
<branch type="IF" condition="&quot;${NUMERO}&quot; == &quot;5&quot;">
<kw name="Log To Console" library="BuiltIn">
<arg>Encontrei o ${NUMERO}</arg>
<doc>Logs the given message to the console.</doc>
<status status="NOT RUN" starttime="20210716 20:22:28.784" endtime="20210716 20:22:28.784"/>
</kw>
<status status="NOT RUN" starttime="20210716 20:22:28.784" endtime="20210716 20:22:28.784"/>
</branch>
<branch type="ELSE IF" condition="&quot;${NUMERO}&quot; == &quot;8&quot;">
<kw name="Log To Console" library="BuiltIn">
<arg>Encontrei o ${NUMERO}</arg>
<doc>Logs the given message to the console.</doc>
<status status="NOT RUN" starttime="20210716 20:22:28.785" endtime="20210716 20:22:28.785"/>
</kw>
<status status="NOT RUN" starttime="20210716 20:22:28.785" endtime="20210716 20:22:28.785"/>
</branch>
<branch type="ELSE">
<kw name="Log To Console" library="BuiltIn">
<arg>Não deu match!</arg>
<doc>Logs the given message to the console.</doc>
<status status="PASS" starttime="20210716 20:22:28.785" endtime="20210716 20:22:28.785"/>
</kw>
<status status="PASS" starttime="20210716 20:22:28.785" endtime="20210716 20:22:28.785"/>
</branch>
<status status="PASS" starttime="20210716 20:22:28.784" endtime="20210716 20:22:28.785"/>
</if>
<status status="PASS" starttime="20210716 20:22:28.784" endtime="20210716 20:22:28.786"/>
</iter>
<status status="PASS" starttime="20210716 20:22:28.748" endtime="20210716 20:22:28.786"/>
</for>
<status status="PASS" starttime="20210716 20:22:28.748" endtime="20210716 20:22:28.786"/>
</kw>
<status status="PASS" starttime="20210716 20:22:28.746" endtime="20210716 20:22:28.786"/>
</test>
<status status="PASS" starttime="20210716 20:22:28.709" endtime="20210716 20:22:28.788"/>
</suite>
<statistics>
<total>
<stat pass="1" fail="0" skip="0">All Tests</stat>
</total>
<tag>
</tag>
<suite>
<stat pass="1" fail="0" skip="0" id="s1" name="Estrutura Condicional">Estrutura Condicional</stat>
</suite>
</statistics>
<errors>
</errors>
</robot>
