<?xml version="1.0" encoding="UTF-8"?>
<robot generator="Robot 4.0.3 (Python 3.9.6 on win32)" generated="20210719 21:00:51.006" rpa="false" schemaversion="2">
<suite id="s1" name="Login" source="C:\Users\mbarbosa\sistreinamento\treinamentoSIS-Git\tests\Login.robot">
<test id="s1-t1" name="Cenário: Login na aplicação">
<kw name="Open Browser" library="SeleniumLibrary">
<arg>http://automationpractice.com/index.php</arg>
<arg>chrome</arg>
<doc>Opens a new browser instance to the optional ``url``.</doc>
<msg timestamp="20210719 21:00:51.412" level="INFO">Opening browser 'chrome' to base url 'http://automationpractice.com/index.php'.</msg>
<status status="PASS" starttime="20210719 21:00:51.411" endtime="20210719 21:01:05.073"/>
</kw>
<kw name="Set Selenium Timeout" library="SeleniumLibrary">
<arg>60</arg>
<doc>Sets the timeout that is used by various keywords.</doc>
<status status="PASS" starttime="20210719 21:01:05.074" endtime="20210719 21:01:05.082"/>
</kw>
<kw name="Maximize Browser Window" library="SeleniumLibrary">
<doc>Maximizes current browser window.</doc>
<status status="PASS" starttime="20210719 21:01:05.083" endtime="20210719 21:01:05.451"/>
</kw>
<kw name="Capture Page Screenshot" library="SeleniumLibrary">
<doc>Takes a screenshot of the current page and embeds it into a log file.</doc>
<msg timestamp="20210719 21:01:06.398" level="INFO" html="true">&lt;/td&gt;&lt;/tr&gt;&lt;tr&gt;&lt;td colspan="3"&gt;&lt;a href="selenium-screenshot-6.png"&gt;&lt;img src="selenium-screenshot-6.png" width="800px"&gt;&lt;/a&gt;</msg>
<status status="PASS" starttime="20210719 21:01:05.472" endtime="20210719 21:01:06.398"/>
</kw>
<kw name="Click Element" library="SeleniumLibrary">
<arg>xpath=//a[@class='login']</arg>
<doc>Click the element identified by ``locator``.</doc>
<msg timestamp="20210719 21:01:06.400" level="INFO">Clicking element 'xpath=//a[@class='login']'.</msg>
<status status="PASS" starttime="20210719 21:01:06.399" endtime="20210719 21:01:08.532"/>
</kw>
<kw name="Input Text" library="SeleniumLibrary">
<arg>id=email</arg>
<arg>rasafa9934@ovooovo.com</arg>
<doc>Types the given ``text`` into the text field identified by ``locator``.</doc>
<msg timestamp="20210719 21:01:08.534" level="INFO">Typing text 'rasafa9934@ovooovo.com' into text field 'id=email'.</msg>
<kw name="Capture Page Screenshot" library="SeleniumLibrary">
<doc>Takes a screenshot of the current page and embeds it into a log file.</doc>
<msg timestamp="20210719 21:01:11.293" level="INFO" html="true">&lt;/td&gt;&lt;/tr&gt;&lt;tr&gt;&lt;td colspan="3"&gt;&lt;a href="selenium-screenshot-7.png"&gt;&lt;img src="selenium-screenshot-7.png" width="800px"&gt;&lt;/a&gt;</msg>
<status status="PASS" starttime="20210719 21:01:08.579" endtime="20210719 21:01:11.293"/>
</kw>
<msg timestamp="20210719 21:01:11.299" level="FAIL">Element with locator 'id=email' not found.</msg>
<status status="FAIL" starttime="20210719 21:01:08.533" endtime="20210719 21:01:11.300"/>
</kw>
<kw name="Input Text" library="SeleniumLibrary">
<arg>id=passwd</arg>
<arg>Teste@123</arg>
<doc>Types the given ``text`` into the text field identified by ``locator``.</doc>
<status status="NOT RUN" starttime="20210719 21:01:11.301" endtime="20210719 21:01:11.301"/>
</kw>
<kw name="Capture Page Screenshot" library="SeleniumLibrary">
<doc>Takes a screenshot of the current page and embeds it into a log file.</doc>
<status status="NOT RUN" starttime="20210719 21:01:11.301" endtime="20210719 21:01:11.301"/>
</kw>
<kw name="Click Element" library="SeleniumLibrary">
<arg>id=SubmitLogin</arg>
<doc>Click the element identified by ``locator``.</doc>
<status status="NOT RUN" starttime="20210719 21:01:11.302" endtime="20210719 21:01:11.302"/>
</kw>
<kw name="Page Should Contain" library="SeleniumLibrary">
<arg>Marcos</arg>
<arg>Barbos</arg>
<doc>Verifies that current page contains ``text``.</doc>
<status status="NOT RUN" starttime="20210719 21:01:11.303" endtime="20210719 21:01:11.303"/>
</kw>
<kw name="Capture Page Screenshot" library="SeleniumLibrary">
<doc>Takes a screenshot of the current page and embeds it into a log file.</doc>
<status status="NOT RUN" starttime="20210719 21:01:11.304" endtime="20210719 21:01:11.304"/>
</kw>
<kw name="Close Browser" library="SeleniumLibrary">
<doc>Closes the current browser.</doc>
<status status="NOT RUN" starttime="20210719 21:01:11.304" endtime="20210719 21:01:11.304"/>
</kw>
<status status="FAIL" starttime="20210719 21:00:51.411" endtime="20210719 21:01:11.305">Element with locator 'id=email' not found.</status>
</test>
<status status="FAIL" starttime="20210719 21:00:51.011" endtime="20210719 21:01:11.310"/>
</suite>
<statistics>
<total>
<stat pass="0" fail="1" skip="0">All Tests</stat>
</total>
<tag>
</tag>
<suite>
<stat pass="0" fail="1" skip="0" id="s1" name="Login">Login</stat>
</suite>
</statistics>
<errors>
</errors>
</robot>
